<?xml version="1.0" encoding="UTF-8"?>
<testsuite name="tourGuide.TestPerformance" tests="2" skipped="0" failures="0" errors="0" timestamp="2025-01-15T10:28:33" hostname="DESKTOP-MMMLV3V" time="10.878">
  <properties/>
  <testcase name="highVolumeTrackLocation" classname="tourGuide.TestPerformance" time="1.486"/>
  <testcase name="highVolumeGetRewards" classname="tourGuide.TestPerformance" time="9.392"/>
  <system-out><![CDATA[fr_FR
11:28:33.647 [Test worker] INFO tourGuide.service.TourGuideService - TestMode enabled
11:28:33.667 [Test worker] DEBUG tourGuide.service.TourGuideService - Initializing users
11:28:33.912 [Test worker] DEBUG tourGuide.service.TourGuideService - Created 10 internal test users.
11:28:33.912 [Test worker] DEBUG tourGuide.service.TourGuideService - Finished initializing users
11:28:33.939 [pool-1-thread-1] DEBUG tourGuide.tracker.Tracker - Begin Tracker. Tracking 10 users.
highVolumeTrackLocation: Time Elapsed: 0 seconds.
11:28:34.721 [Test worker] INFO tourGuide.service.TourGuideService - TestMode enabled
11:28:34.721 [Test worker] DEBUG tourGuide.service.TourGuideService - Initializing users
11:28:34.728 [Test worker] DEBUG tourGuide.service.TourGuideService - Created 20 internal test users.
11:28:34.728 [Test worker] DEBUG tourGuide.service.TourGuideService - Finished initializing users
11:28:34.729 [pool-2-thread-1] DEBUG tourGuide.tracker.Tracker - Begin Tracker. Tracking 20 users.
calculateRewards_CLASS_FOR LOOP: Time Elapsed: 9seconds
highVolumeGetRewards: Time Elapsed: 9 seconds.
]]></system-out>
  <system-err><![CDATA[Jan 15, 2025 11:28:33 AM org.javamoney.moneta.DefaultMonetaryContextFactory createMonetaryContextNonNullConfig
INFO: Using custom MathContext: precision=256, roundingMode=HALF_EVEN
]]></system-err>
</testsuite>
