<?xml version="1.0" encoding="UTF-8"?>
<testsuite name="tourGuide.TestPerformance" tests="2" skipped="0" failures="0" errors="0" timestamp="2025-01-16T09:10:19" hostname="DESKTOP-MMMLV3V" time="14.94">
  <properties/>
  <testcase name="highVolumeTrackLocation" classname="tourGuide.TestPerformance" time="2.431"/>
  <testcase name="highVolumeGetRewards" classname="tourGuide.TestPerformance" time="12.509"/>
  <system-out><![CDATA[fr_FR
10:10:19.454 [Test worker] INFO tourGuide.service.TourGuideService - TestMode enabled
10:10:19.454 [Test worker] DEBUG tourGuide.service.TourGuideService - Initializing users
10:10:19.657 [Test worker] DEBUG tourGuide.service.TourGuideService - Created 100 internal test users.
10:10:19.657 [Test worker] DEBUG tourGuide.service.TourGuideService - Finished initializing users
10:10:19.704 [pool-1-thread-1] DEBUG tourGuide.tracker.Tracker - Begin Tracker. Tracking 100 users.
highVolumeTrackLocation: Time Elapsed: 1 seconds.
10:10:21.666 [Test worker] INFO tourGuide.service.TourGuideService - TestMode enabled
10:10:21.666 [Test worker] DEBUG tourGuide.service.TourGuideService - Initializing users
10:10:21.691 [Test worker] DEBUG tourGuide.service.TourGuideService - Created 100 internal test users.
10:10:21.692 [Test worker] DEBUG tourGuide.service.TourGuideService - Finished initializing users
10:10:21.696 [pool-2-thread-1] DEBUG tourGuide.tracker.Tracker - Begin Tracker. Tracking 100 users.
10:10:27.449 [pool-1-thread-1] DEBUG tourGuide.tracker.Tracker - Tracker Time Elapsed: 7 seconds.
10:10:27.449 [pool-1-thread-1] DEBUG tourGuide.tracker.Tracker - Tracker sleeping
calculateRewards_CLASS_FOR LOOP: Time Elapsed: 12seconds
highVolumeGetRewards: Time Elapsed: 12 seconds.
]]></system-out>
  <system-err><![CDATA[Jan 16, 2025 10:10:19 AM org.javamoney.moneta.DefaultMonetaryContextFactory createMonetaryContextNonNullConfig
INFO: Using custom MathContext: precision=256, roundingMode=HALF_EVEN
]]></system-err>
</testsuite>
